0 silly argv { _: [ 'publish' ],
0 silly argv   composed: 'publish',
0 silly argv   lernaVersion: '3.4.3',
0 silly argv   '$0': 'lerna' }
1 notice cli v3.4.3
2 verbose rootPath /Users/asad/Documents/zerojs-lerna
3 info Verifying npm credentials
4 http fetch GET 200 https://registry.npmjs.org/-/whoami 437ms
5 silly npm whoami received {"username":"asadm"}
6 silly argv { _: [ 'publish' ],
6 silly argv   composed: 'publish',
6 silly argv   lernaVersion: '3.4.3',
6 silly argv   '$0': 'lerna' }
7 verbose rootPath /Users/asad/Documents/zerojs-lerna
8 info current version 0.0.4-alpha.6
9 silly isAnythingCommitted
10 verbose isAnythingCommitted 1
11 silly currentBranch
12 verbose currentBranch master
13 silly isBehindUpstream
14 silly isBehindUpstream master is behind origin/master by 0 commit(s) and ahead by 1
15 silly hasTags
16 verbose hasTags true
17 silly git-describe.sync "v0.0.4-alpha.6-1-gea261a3" => {"lastTagName":"v0.0.4-alpha.6","lastVersion":"v0.0.4-alpha.6","refCount":"1","sha":"ea261a3","isDirty":false}
18 info Looking for changed packages since v0.0.4-alpha.6
19 verbose updated zeroserver
20 verbose updated zero-express-session
21 verbose updated zero-handler-html
22 verbose updated zero-handler-js
23 verbose updated zero-handler-react
24 verbose updated zero-static
25 verbose updated zero-process
26 verbose git-describe undefined => "v0.0.4-alpha.6-1-gea261a3"
27 silly git-describe parsed => {"lastTagName":"v0.0.4-alpha.6","lastVersion":"v0.0.4-alpha.6","refCount":"1","sha":"ea261a3","isDirty":false}
28 silly batched [ PackageGraphNode {
28 silly batched     name: 'zero-express-session',
28 silly batched     externalDependencies:
28 silly batched      Map {
28 silly batched        'connect-mongo' => [Object],
28 silly batched        'connect-redis' => [Object],
28 silly batched        'cookie-parser' => [Object],
28 silly batched        'express-session' => [Object],
28 silly batched        'passport' => [Object],
28 silly batched        'session-file-store' => [Object] },
28 silly batched     localDependencies: Map {},
28 silly batched     localDependents: Map { 'zero-process' => [Object] } },
28 silly batched   PackageGraphNode {
28 silly batched     name: 'zero-handler-html',
28 silly batched     externalDependencies: Map { 'mkdirp' => [Object], 'parcel-bundler' => [Object] },
28 silly batched     localDependencies: Map {},
28 silly batched     localDependents: Map { 'zeroserver' => [Object], 'zero-process' => [Object] } },
28 silly batched   PackageGraphNode {
28 silly batched     name: 'zero-handler-js',
28 silly batched     externalDependencies:
28 silly batched      Map {
28 silly batched        '@babel/core' => [Object],
28 silly batched        '@babel/polyfill' => [Object],
28 silly batched        '@babel/preset-env' => [Object],
28 silly batched        '@babel/register' => [Object],
28 silly batched        'node-fetch' => [Object] },
28 silly batched     localDependencies: Map {},
28 silly batched     localDependents: Map { 'zeroserver' => [Object], 'zero-process' => [Object] } },
28 silly batched   PackageGraphNode {
28 silly batched     name: 'zero-handler-react',
28 silly batched     externalDependencies:
28 silly batched      Map {
28 silly batched        '@babel/core' => [Object],
28 silly batched        '@babel/plugin-transform-runtime' => [Object],
28 silly batched        '@babel/polyfill' => [Object],
28 silly batched        '@babel/preset-env' => [Object],
28 silly batched        '@babel/preset-react' => [Object],
28 silly batched        '@babel/register' => [Object],
28 silly batched        '@babel/runtime' => [Object],
28 silly batched        '@mdx-js/loader' => [Object],
28 silly batched        '@mdx-js/mdx' => [Object],
28 silly batched        '@mdx-js/tag' => [Object],
28 silly batched        'babel-core' => [Object],
28 silly batched        'babel-loader' => [Object],
28 silly batched        'babel-plugin-add-module-exports' => [Object],
28 silly batched        'babel-plugin-react-require' => [Object],
28 silly batched        'babel-polyfill' => [Object],
28 silly batched        'babel-preset-env' => [Object],
28 silly batched        'babel-preset-react' => [Object],
28 silly batched        'babel-preset-stage-0' => [Object],
28 silly batched        'babel-register' => [Object],
28 silly batched        'css-loader' => [Object],
28 silly batched        'debug' => [Object],
28 silly batched        'file-loader' => [Object],
28 silly batched        'ignore-styles' => [Object],
28 silly batched        'json-stringify-safe' => [Object],
28 silly batched        'mini-css-extract-plugin' => [Object],
28 silly batched        'mkdirp' => [Object],
28 silly batched        'node-sass' => [Object],
28 silly batched        'pirates' => [Object],
28 silly batched        'react' => [Object],
28 silly batched        'react-dom' => [Object],
28 silly batched        'sass-loader' => [Object],
28 silly batched        'style-loader' => [Object],
28 silly batched        'url-loader' => [Object],
28 silly batched        'webpack' => [Object] },
28 silly batched     localDependencies: Map {},
28 silly batched     localDependents: Map { 'zeroserver' => [Object], 'zero-process' => [Object] } },
28 silly batched   PackageGraphNode {
28 silly batched     name: 'zero-static',
28 silly batched     externalDependencies: Map { 'serve-handler' => [Object] },
28 silly batched     localDependencies: Map {},
28 silly batched     localDependents: Map { 'zeroserver' => [Object] } } ]
29 silly batched [ PackageGraphNode {
29 silly batched     name: 'zero-process',
29 silly batched     externalDependencies:
29 silly batched      Map {
29 silly batched        'youch' => [Object],
29 silly batched        'node-fetch' => [Object],
29 silly batched        'body-parser' => [Object],
29 silly batched        'express' => [Object] },
29 silly batched     localDependencies: Map {},
29 silly batched     localDependents: Map { 'zeroserver' => [Object] } } ]
30 silly batched [ PackageGraphNode {
30 silly batched     name: 'zeroserver',
30 silly batched     externalDependencies:
30 silly batched      Map {
30 silly batched        '@mdx-js/mdx' => [Object],
30 silly batched        'chokidar' => [Object],
30 silly batched        'colors' => [Object],
30 silly batched        'debug' => [Object],
30 silly batched        'del' => [Object],
30 silly batched        'dotenv' => [Object],
30 silly batched        'express' => [Object],
30 silly batched        'glob' => [Object],
30 silly batched        'glob-parent' => [Object],
30 silly batched        'konan' => [Object],
30 silly batched        'mkdirp' => [Object],
30 silly batched        'ncp' => [Object],
30 silly batched        'npmi' => [Object],
30 silly batched        'npminstall' => [Object],
30 silly batched        'ora' => [Object],
30 silly batched        'recursive-copy' => [Object],
30 silly batched        'rimraf' => [Object] },
30 silly batched     localDependencies: Map {},
30 silly batched     localDependents: Map {} } ]
31 silly gitAdd [ '/Users/asad/Documents/zerojs-lerna/packages/express-session/package.json',
31 silly gitAdd   '/Users/asad/Documents/zerojs-lerna/packages/handler-react/package.json',
31 silly gitAdd   '/Users/asad/Documents/zerojs-lerna/packages/handler-static/package.json',
31 silly gitAdd   '/Users/asad/Documents/zerojs-lerna/packages/handler-js/package.json',
31 silly gitAdd   '/Users/asad/Documents/zerojs-lerna/packages/handler-html/package.json',
31 silly gitAdd   '/Users/asad/Documents/zerojs-lerna/packages/process/package.json',
31 silly gitAdd   '/Users/asad/Documents/zerojs-lerna/packages/core/package.json',
31 silly gitAdd   '/Users/asad/Documents/zerojs-lerna/lerna.json' ]
32 silly gitCommit v0.0.4-alpha.7
33 verbose git [ 'commit', '-m', 'v0.0.4-alpha.7' ]
34 silly gitTag v0.0.4-alpha.7
35 verbose git [ 'tag', 'v0.0.4-alpha.7', '-m', 'v0.0.4-alpha.7' ]
36 info git Pushing tags...
37 silly gitPush origin master
38 silly batched [ PackageGraphNode {
38 silly batched     name: 'zero-express-session',
38 silly batched     externalDependencies:
38 silly batched      Map {
38 silly batched        'connect-mongo' => [Object],
38 silly batched        'connect-redis' => [Object],
38 silly batched        'cookie-parser' => [Object],
38 silly batched        'express-session' => [Object],
38 silly batched        'passport' => [Object],
38 silly batched        'session-file-store' => [Object] },
38 silly batched     localDependencies: Map {},
38 silly batched     localDependents: Map { 'zero-process' => [Object] } },
38 silly batched   PackageGraphNode {
38 silly batched     name: 'zero-handler-html',
38 silly batched     externalDependencies: Map { 'mkdirp' => [Object], 'parcel-bundler' => [Object] },
38 silly batched     localDependencies: Map {},
38 silly batched     localDependents: Map { 'zeroserver' => [Object], 'zero-process' => [Object] } },
38 silly batched   PackageGraphNode {
38 silly batched     name: 'zero-handler-js',
38 silly batched     externalDependencies:
38 silly batched      Map {
38 silly batched        '@babel/core' => [Object],
38 silly batched        '@babel/polyfill' => [Object],
38 silly batched        '@babel/preset-env' => [Object],
38 silly batched        '@babel/register' => [Object],
38 silly batched        'node-fetch' => [Object] },
38 silly batched     localDependencies: Map {},
38 silly batched     localDependents: Map { 'zeroserver' => [Object], 'zero-process' => [Object] } },
38 silly batched   PackageGraphNode {
38 silly batched     name: 'zero-handler-react',
38 silly batched     externalDependencies:
38 silly batched      Map {
38 silly batched        '@babel/core' => [Object],
38 silly batched        '@babel/plugin-transform-runtime' => [Object],
38 silly batched        '@babel/polyfill' => [Object],
38 silly batched        '@babel/preset-env' => [Object],
38 silly batched        '@babel/preset-react' => [Object],
38 silly batched        '@babel/register' => [Object],
38 silly batched        '@babel/runtime' => [Object],
38 silly batched        '@mdx-js/loader' => [Object],
38 silly batched        '@mdx-js/mdx' => [Object],
38 silly batched        '@mdx-js/tag' => [Object],
38 silly batched        'babel-core' => [Object],
38 silly batched        'babel-loader' => [Object],
38 silly batched        'babel-plugin-add-module-exports' => [Object],
38 silly batched        'babel-plugin-react-require' => [Object],
38 silly batched        'babel-polyfill' => [Object],
38 silly batched        'babel-preset-env' => [Object],
38 silly batched        'babel-preset-react' => [Object],
38 silly batched        'babel-preset-stage-0' => [Object],
38 silly batched        'babel-register' => [Object],
38 silly batched        'css-loader' => [Object],
38 silly batched        'debug' => [Object],
38 silly batched        'file-loader' => [Object],
38 silly batched        'ignore-styles' => [Object],
38 silly batched        'json-stringify-safe' => [Object],
38 silly batched        'mini-css-extract-plugin' => [Object],
38 silly batched        'mkdirp' => [Object],
38 silly batched        'node-sass' => [Object],
38 silly batched        'pirates' => [Object],
38 silly batched        'react' => [Object],
38 silly batched        'react-dom' => [Object],
38 silly batched        'sass-loader' => [Object],
38 silly batched        'style-loader' => [Object],
38 silly batched        'url-loader' => [Object],
38 silly batched        'webpack' => [Object] },
38 silly batched     localDependencies: Map {},
38 silly batched     localDependents: Map { 'zeroserver' => [Object], 'zero-process' => [Object] } },
38 silly batched   PackageGraphNode {
38 silly batched     name: 'zero-static',
38 silly batched     externalDependencies: Map { 'serve-handler' => [Object] },
38 silly batched     localDependencies: Map {},
38 silly batched     localDependents: Map { 'zeroserver' => [Object] } } ]
39 silly batched [ PackageGraphNode {
39 silly batched     name: 'zero-process',
39 silly batched     externalDependencies:
39 silly batched      Map {
39 silly batched        'youch' => [Object],
39 silly batched        'node-fetch' => [Object],
39 silly batched        'body-parser' => [Object],
39 silly batched        'express' => [Object] },
39 silly batched     localDependencies: Map {},
39 silly batched     localDependents: Map { 'zeroserver' => [Object] } } ]
40 silly batched [ PackageGraphNode {
40 silly batched     name: 'zeroserver',
40 silly batched     externalDependencies:
40 silly batched      Map {
40 silly batched        '@mdx-js/mdx' => [Object],
40 silly batched        'chokidar' => [Object],
40 silly batched        'colors' => [Object],
40 silly batched        'debug' => [Object],
40 silly batched        'del' => [Object],
40 silly batched        'dotenv' => [Object],
40 silly batched        'express' => [Object],
40 silly batched        'glob' => [Object],
40 silly batched        'glob-parent' => [Object],
40 silly batched        'konan' => [Object],
40 silly batched        'mkdirp' => [Object],
40 silly batched        'ncp' => [Object],
40 silly batched        'npmi' => [Object],
40 silly batched        'npminstall' => [Object],
40 silly batched        'ora' => [Object],
40 silly batched        'recursive-copy' => [Object],
40 silly batched        'rimraf' => [Object] },
40 silly batched     localDependencies: Map {},
40 silly batched     localDependents: Map {} } ]
41 info publish Publishing packages to npm...
42 silly verifyNpmPackageAccess
43 http fetch GET 200 https://registry.npmjs.org/-/org/asadm/package?format=cli 85ms
44 silly getCurrentSHA
45 verbose getCurrentSHA 9e577043290b2ad1205a24f14c4edf7329c6073d
46 silly getExecOpts /Users/asad/Documents/zerojs-lerna undefined
47 silly exec npm options { cwd: '/Users/asad/Documents/zerojs-lerna',
47 silly exec   env: {},
47 silly exec   stdio: [ 'ignore', 'pipe', 'inherit' ] }
48 verbose pack [ 'zero-express-session',
48 verbose pack   'zero-handler-html',
48 verbose pack   'zero-handler-js',
48 verbose pack   'zero-handler-react',
48 verbose pack   'zero-static' ]
49 silly exec npm [ 'pack',
49 silly exec   '/Users/asad/Documents/zerojs-lerna/packages/express-session',
49 silly exec   '/Users/asad/Documents/zerojs-lerna/packages/handler-html',
49 silly exec   '/Users/asad/Documents/zerojs-lerna/packages/handler-js',
49 silly exec   '/Users/asad/Documents/zerojs-lerna/packages/handler-react',
49 silly exec   '/Users/asad/Documents/zerojs-lerna/packages/handler-static' ]
50 notice
51 notice 📦  zero-express-session@0.0.4-alpha.7
52 notice === Tarball Details ===
53 notice name:     zero-express-session
53 notice version:  0.0.4-alpha.7
53 notice filename: zero-express-session-0.0.4-alpha.7.tgz
54 notice
55 notice
56 notice 📦  zero-handler-html@0.0.4-alpha.7
57 notice === Tarball Details ===
58 notice name:     zero-handler-html
58 notice version:  0.0.4-alpha.7
58 notice filename: zero-handler-html-0.0.4-alpha.7.tgz
59 notice
60 notice
61 notice 📦  zero-handler-js@0.0.4-alpha.7
62 notice === Tarball Details ===
63 notice name:     zero-handler-js
63 notice version:  0.0.4-alpha.7
63 notice filename: zero-handler-js-0.0.4-alpha.7.tgz
64 notice
65 notice
66 notice 📦  zero-handler-react@0.0.4-alpha.7
67 notice === Tarball Details ===
68 notice name:     zero-handler-react
68 notice version:  0.0.4-alpha.7
68 notice filename: zero-handler-react-0.0.4-alpha.7.tgz
69 notice
70 notice
71 notice 📦  zero-static@0.0.4-alpha.7
72 notice === Tarball Details ===
73 notice name:     zero-static
73 notice version:  0.0.4-alpha.7
73 notice filename: zero-static-0.0.4-alpha.7.tgz
74 notice
75 verbose pack [ 'zero-process' ]
76 silly exec npm [ 'pack',
76 silly exec   '/Users/asad/Documents/zerojs-lerna/packages/process' ]
77 notice
78 notice 📦  zero-process@0.0.4-alpha.7
79 notice === Tarball Details ===
80 notice name:     zero-process
80 notice version:  0.0.4-alpha.7
80 notice filename: zero-process-0.0.4-alpha.7.tgz
81 notice
82 verbose pack [ 'zeroserver' ]
83 silly exec npm [ 'pack', '/Users/asad/Documents/zerojs-lerna/packages/core' ]
84 error Error: Command failed: npm pack /Users/asad/Documents/zerojs-lerna/packages/core
84 error
84 error <--- Last few GCs --->
84 error
84 error [78596:0x103000000]   322222 ms: Mark-sweep 1431.4 (1493.9) -> 1431.4 (1462.9) MB, 3405.8 / 4.1 ms  (+ 0.0 ms in 0 steps since start of marking, biggest step 0.0 ms, walltime since start of marking 3406 ms) last resort GC in old space requested
84 error [78596:0x103000000]   324104 ms: Mark-sweep 1431.4 (1462.9) -> 1431.4 (1462.9) MB, 1881.4 / 3.0 ms  last resort GC in old space requested
84 error
84 error
84 error <--- JS stacktrace --->
84 error
84 error ==== JS stack trace =========================================
84 error
84 error Security context: 0x533dca5ec1 <JSObject>
84 error     2: from [native array.js:1] [bytecode=0x53f956a9d1 offset=116](this=0x533dc854f9 <JSFunction Array (sfi = 0x53b5ba7809)>,arrayLike=0x537a089a81 <Set map = 0x5339784eb1>,mapfn=0x53b5b82311 <undefined>,receiver=0x53b5b82311 <undefined>)
84 error     3: arguments adaptor frame: 1->3
84 error     4: onPackage [/Users/asad/.nvm/versions/node/v8.9.0/lib/node_modules/npm/node_modules/npm-packlist/node_modules/npm-bund...
84 error
84 error
84 error     at makeError (/Users/asad/.nvm/versions/node/v8.9.0/lib/node_modules/lerna/node_modules/execa/index.js:174:9)
84 error     at Promise.all.then.arr (/Users/asad/.nvm/versions/node/v8.9.0/lib/node_modules/lerna/node_modules/execa/index.js:278:16)
84 error     at <anonymous>
